Running: C:\Xilinx\14.7\ISE_DS\ISE\bin\nt64\unwrapped\fuse.exe -intstyle ise -incremental -lib secureip -o C:/Users/amir_/Desktop/CAL_HW11_B/tst_isim_beh.exe -prj C:/Users/amir_/Desktop/CAL_HW11_B/tst_beh.prj work.tst 
ISim P.20131013 (signature 0x7708f090)
Number of CPUs detected in this system: 6
Turning on mult-threading, number of parallel sub-compilation jobs: 12 
Determining compilation order of HDL files
Parsing VHDL file "C:/Users/amir_/Desktop/CAL_HW11_B/monitor.vhd" into library work
Parsing VHDL file "C:/Users/amir_/Desktop/CAL_HW11_B/tst.vhd" into library work
Starting static elaboration
Completed static elaboration
Compiling package standard
Compiling package std_logic_1164
Compiling package std_logic_arith
Compiling package std_logic_unsigned
Compiling architecture behavioral of entity monitor [monitor_default]
Compiling architecture behavior of entity tst
Time Resolution for simulation is 1ps.
Waiting for 1 sub-compilation(s) to finish...
Compiled 7 VHDL Units
Built simulation executable C:/Users/amir_/Desktop/CAL_HW11_B/tst_isim_beh.exe
Fuse Memory Usage: 34428 KB
Fuse CPU Usage: 2308 ms
